I, [2016-03-29T21:18:32.762309 #52371]  INFO -- default-ubuntu-1404: -----> Converging <default-ubuntu-1404>...
I, [2016-03-29T21:18:32.763198 #52371]  INFO -- default-ubuntu-1404: Preparing files for transfer
I, [2016-03-29T21:18:32.763309 #52371]  INFO -- default-ubuntu-1404: Preparing dna.json
I, [2016-03-29T21:18:32.763877 #52371]  INFO -- default-ubuntu-1404: Preparing current project directory as a cookbook
I, [2016-03-29T21:18:32.771732 #52371]  INFO -- default-ubuntu-1404: Removing non-cookbook files before transfer
I, [2016-03-29T21:18:32.776242 #52371]  INFO -- default-ubuntu-1404: Preparing solo.rb
I, [2016-03-29T21:18:32.883480 #52371]  INFO -- default-ubuntu-1404: -----> Chef Omnibus installation detected (install only if missing)
I, [2016-03-29T21:18:32.899594 #52371]  INFO -- default-ubuntu-1404: Transferring files to <default-ubuntu-1404>
I, [2016-03-29T21:18:34.033057 #52371]  INFO -- default-ubuntu-1404: Starting Chef Client, version 12.8.1
I, [2016-03-29T21:18:35.356017 #52371]  INFO -- default-ubuntu-1404: Installing Cookbook Gems:
I, [2016-03-29T21:18:35.365675 #52371]  INFO -- default-ubuntu-1404: Compiling Cookbooks...
I, [2016-03-29T21:18:35.366242 #52371]  INFO -- default-ubuntu-1404: => nothing to do
I, [2016-03-29T21:18:35.366671 #52371]  INFO -- default-ubuntu-1404: Converging 1 resources
I, [2016-03-29T21:18:35.367089 #52371]  INFO -- default-ubuntu-1404: Recipe: users::remove
I, [2016-03-29T21:18:35.430893 #52371]  INFO -- default-ubuntu-1404:   * execute[delete user] action run
I, [2016-03-29T21:18:35.430971 #52371]  INFO -- default-ubuntu-1404:     - execute userdel -r bar
I, [2016-03-29T21:18:35.431004 #52371]  INFO -- default-ubuntu-1404: 
I, [2016-03-29T21:18:35.431033 #52371]  INFO -- default-ubuntu-1404: Running handlers:
I, [2016-03-29T21:18:35.431061 #52371]  INFO -- default-ubuntu-1404: Running handlers complete
I, [2016-03-29T21:18:35.431118 #52371]  INFO -- default-ubuntu-1404: Chef Client finished, 1/1 resources updated in 01 seconds
I, [2016-03-29T21:18:35.522769 #52371]  INFO -- default-ubuntu-1404: Finished converging <default-ubuntu-1404> (0m2.76s).
